
  .   ____          _            __ _ _
 /\\ / ___'_ __ _ _(_)_ __  __ _ \ \ \ \
( ( )\___ | '_ | '_| | '_ \/ _` | \ \ \ \
 \\/  ___)| |_)| | | | | || (_| |  ) ) ) )
  '  |____| .__|_| |_|_| |_\__, | / / / /
 =========|_|==============|___/=/_/_/_/

 :: Spring Boot ::                (v3.4.5)

2026-02-27T15:03:30.018+09:00  INFO 49263 --- [gitnx] [           main] com.gitnx.GitNxApplication               : Starting GitNxApplication v0.0.1-SNAPSHOT using Java 25 with PID 49263 (/Users/scalper/project/team/GitNX/build/libs/gitnx-0.0.1-SNAPSHOT.jar started by scalper in /Users/scalper/project/team/GitNX)
2026-02-27T15:03:30.020+09:00 DEBUG 49263 --- [gitnx] [           main] com.gitnx.GitNxApplication               : Running with Spring Boot v3.4.5, Spring v6.2.6
2026-02-27T15:03:30.020+09:00  INFO 49263 --- [gitnx] [           main] com.gitnx.GitNxApplication               : No active profile set, falling back to 1 default profile: "default"
2026-02-27T15:03:30.899+09:00  INFO 49263 --- [gitnx] [           main] .s.d.r.c.RepositoryConfigurationDelegate : Bootstrapping Spring Data JPA repositories in DEFAULT mode.
2026-02-27T15:03:30.952+09:00  INFO 49263 --- [gitnx] [           main] .s.d.r.c.RepositoryConfigurationDelegate : Finished Spring Data repository scanning in 47 ms. Found 10 JPA repository interfaces.
2026-02-27T15:03:31.642+09:00  INFO 49263 --- [gitnx] [           main] o.s.b.w.embedded.tomcat.TomcatWebServer  : Tomcat initialized with port 8080 (http)
2026-02-27T15:03:31.653+09:00  INFO 49263 --- [gitnx] [           main] o.apache.catalina.core.StandardService   : Starting service [Tomcat]
2026-02-27T15:03:31.653+09:00  INFO 49263 --- [gitnx] [           main] o.apache.catalina.core.StandardEngine    : Starting Servlet engine: [Apache Tomcat/10.1.40]
2026-02-27T15:03:31.679+09:00  INFO 49263 --- [gitnx] [           main] o.a.c.c.C.[Tomcat].[localhost].[/]       : Initializing Spring embedded WebApplicationContext
2026-02-27T15:03:31.680+09:00  INFO 49263 --- [gitnx] [           main] w.s.c.ServletWebServerApplicationContext : Root WebApplicationContext: initialization completed in 1435 ms
2026-02-27T15:03:31.793+09:00  INFO 49263 --- [gitnx] [           main] o.hibernate.jpa.internal.util.LogHelper  : HHH000204: Processing PersistenceUnitInfo [name: default]
2026-02-27T15:03:31.834+09:00  INFO 49263 --- [gitnx] [           main] org.hibernate.Version                    : HHH000412: Hibernate ORM core version 6.6.13.Final
2026-02-27T15:03:31.854+09:00  INFO 49263 --- [gitnx] [           main] o.h.c.internal.RegionFactoryInitiator    : HHH000026: Second-level cache disabled
2026-02-27T15:03:32.012+09:00  INFO 49263 --- [gitnx] [           main] o.s.o.j.p.SpringPersistenceUnitInfo      : No LoadTimeWeaver setup: ignoring JPA class transformer
2026-02-27T15:03:32.028+09:00  INFO 49263 --- [gitnx] [           main] com.zaxxer.hikari.HikariDataSource       : HikariPool-1 - Starting...
2026-02-27T15:03:32.157+09:00  INFO 49263 --- [gitnx] [           main] com.zaxxer.hikari.pool.HikariPool        : HikariPool-1 - Added connection org.postgresql.jdbc.PgConnection@6032622
2026-02-27T15:03:32.158+09:00  INFO 49263 --- [gitnx] [           main] com.zaxxer.hikari.HikariDataSource       : HikariPool-1 - Start completed.
2026-02-27T15:03:32.192+09:00  INFO 49263 --- [gitnx] [           main] org.hibernate.orm.connections.pooling    : HHH10001005: Database info:
	Database JDBC URL [Connecting through datasource 'HikariDataSource (HikariPool-1)']
	Database driver: undefined/unknown
	Database version: 17.8
	Autocommit mode: undefined/unknown
	Isolation level: undefined/unknown
	Minimum pool size: undefined/unknown
	Maximum pool size: undefined/unknown
2026-02-27T15:03:32.905+09:00  INFO 49263 --- [gitnx] [           main] o.h.e.t.j.p.i.JtaPlatformInitiator       : HHH000489: No JTA platform available (set 'hibernate.transaction.jta.platform' to enable JTA platform integration)
2026-02-27T15:03:33.335+09:00  INFO 49263 --- [gitnx] [           main] j.LocalContainerEntityManagerFactoryBean : Initialized JPA EntityManagerFactory for persistence unit 'default'
2026-02-27T15:03:33.614+09:00  INFO 49263 --- [gitnx] [           main] o.s.d.j.r.query.QueryEnhancerFactory     : Hibernate is in classpath; If applicable, HQL parser will be used.
2026-02-27T15:03:34.512+09:00  INFO 49263 --- [gitnx] [           main] r$InitializeUserDetailsManagerConfigurer : Global AuthenticationManager configured with UserDetailsService bean with name customUserDetailsService
2026-02-27T15:03:34.954+09:00  INFO 49263 --- [gitnx] [           main] o.s.b.a.e.web.EndpointLinksResolver      : Exposing 1 endpoint beneath base path '/actuator'
2026-02-27T15:03:35.442+09:00  WARN 49263 --- [gitnx] [           main] ConfigServletWebServerApplicationContext : Exception encountered during context initialization - cancelling refresh attempt: org.springframework.context.ApplicationContextException: Failed to start bean 'webServerStartStop'
2026-02-27T15:03:35.445+09:00  INFO 49263 --- [gitnx] [           main] j.LocalContainerEntityManagerFactoryBean : Closing JPA EntityManagerFactory for persistence unit 'default'
2026-02-27T15:03:35.445+09:00  INFO 49263 --- [gitnx] [           main] com.zaxxer.hikari.HikariDataSource       : HikariPool-1 - Shutdown initiated...
2026-02-27T15:03:35.447+09:00  INFO 49263 --- [gitnx] [           main] com.zaxxer.hikari.HikariDataSource       : HikariPool-1 - Shutdown completed.
2026-02-27T15:03:35.461+09:00  INFO 49263 --- [gitnx] [           main] .s.b.a.l.ConditionEvaluationReportLogger : 

Error starting ApplicationContext. To display the condition evaluation report re-run your application with 'debug' enabled.
2026-02-27T15:03:35.468+09:00 ERROR 49263 --- [gitnx] [           main] o.s.b.d.LoggingFailureAnalysisReporter   : 

***************************
APPLICATION FAILED TO START
***************************

Description:

Web server failed to start. Port 8080 was already in use.

Action:

Identify and stop the process that's listening on port 8080 or configure this application to listen on another port.

